<?xml version="1.0" encoding="UTF-8"?>
<testsuite xmlns:xsi="http://www.w3.org/2001/XMLSchema-instance" xsi:noNamespaceSchemaLocation="https://maven.apache.org/surefire/maven-surefire-plugin/xsd/surefire-test-report.xsd" version="3.0.2" name="TestSuite" time="11.914" tests="2" errors="0" skipped="0" failures="0">
  <properties>
[...]
</properties>
  <testcase name="verify_Account_Registration" classname="testCases.TC001_AccountRegistrationTest" time="2.147">
    <system-out><![CDATA[2024-08-28 19:55:32 INFO  TC001_AccountRegistrationTest:15 - ****** verify_Account_Registration ******
2024-08-28 19:55:32 INFO  TC001_AccountRegistrationTest:19 - Clicked on Myaccount Link
2024-08-28 19:55:33 INFO  TC001_AccountRegistrationTest:21 - Clicked on Register Link
2024-08-28 19:55:33 INFO  TC001_AccountRegistrationTest:23 - Providing Customer Details
2024-08-28 19:55:34 INFO  TC001_AccountRegistrationTest:33 - Validating expected msg
2024-08-28 19:55:34 INFO  TC001_AccountRegistrationTest:52 - ******Finished verify_Account_Registration ******
]]></system-out>
    <system-err><![CDATA[Aug 28, 2024 7:55:31 PM org.openqa.selenium.devtools.CdpVersionFinder findNearestMatch
WARNING: Unable to find an exact match for CDP version 128, returning the closest version; found: 127; Please update to a Selenium version that supports CDP version 128
]]></system-err>
  </testcase>
  <testcase name="verify_login" classname="testCases.TC002_LoginTest" time="1.594">
    <system-out><![CDATA[2024-08-28 19:55:36 INFO  TC002_LoginTest:16 - ***** Starting TC002_LoginTest *****
2024-08-28 19:55:37 INFO  TC002_LoginTest:21 - Homepage
2024-08-28 19:55:38 INFO  TC002_LoginTest:37 - ***** Finished TC002_LoginTest *****
]]></system-out>
    <system-err><![CDATA[Aug 28, 2024 7:55:35 PM org.openqa.selenium.devtools.CdpVersionFinder findNearestMatch
WARNING: Unable to find an exact match for CDP version 128, returning the closest version; found: 127; Please update to a Selenium version that supports CDP version 128
]]></system-err>
  </testcase>
</testsuite>